--------------------
./configure
Wed May 20 23:05:39 PDT 2020
Checking for gcc...
=== ztest19527.c ===
extern int getchar();
int hello() {return getchar();}
===
gcc -c ztest19527.c
... using gcc

Checking for obsessive-compulsive compiler options...
=== ztest19527.c ===
int foo() { return 0; }
===
gcc -c -O3 ztest19527.c

Checking for shared library support...
=== ztest19527.c ===
extern int getchar();
int hello() {return getchar();}
===
gcc -w -c -O3 -fPIC ztest19527.c
gcc -shared -Wl,-soname,libz.so.1,--version-script,zlib.map -O3 -fPIC -o ztest19527.so ztest19527.o
Building shared library libz.so.1.2.11 with gcc.

=== ztest19527.c ===
#include <stdio.h>
#include <stdlib.h>
size_t dummy = 0;
===
gcc -c -O3 ztest19527.c
Checking for size_t... Yes.


=== ztest19527.c ===
#include <sys/types.h>
off64_t dummy = 0;
===
gcc -c -O3 -D_LARGEFILE64_SOURCE=1 ztest19527.c
Checking for off64_t... Yes.
Checking for fseeko... Yes.

=== ztest19527.c ===
#include <string.h>
#include <errno.h>
int main() { return strlen(strerror(errno)); }
===
gcc -O3 -D_LARGEFILE64_SOURCE=1 -o ztest19527 ztest19527.c
Checking for strerror... Yes.

=== ztest19527.c ===
#include <unistd.h>
int main() { return 0; }
===
gcc -c -O3 -D_LARGEFILE64_SOURCE=1 ztest19527.c
Checking for unistd.h... Yes.

=== ztest19527.c ===
#include <stdarg.h>
int main() { return 0; }
===
gcc -c -O3 -D_LARGEFILE64_SOURCE=1 ztest19527.c
Checking for stdarg.h... Yes.

=== ztest19527.c ===
#include <stdio.h>
#include <stdarg.h>
#include "zconf.h"
int main()
{
#ifndef STDC
  choke me
#endif
  return 0;
}
===
gcc -c -O3 -D_LARGEFILE64_SOURCE=1 ztest19527.c
Checking whether to use vs[n]printf() or s[n]printf()... using vs[n]printf().

=== ztest19527.c ===
#include <stdio.h>
#include <stdarg.h>
int mytest(const char *fmt, ...)
{
  char buf[20];
  va_list ap;
  va_start(ap, fmt);
  vsnprintf(buf, sizeof(buf), fmt, ap);
  va_end(ap);
  return 0;
}
int main()
{
  return (mytest("Hello%d\n", 1));
}
===
gcc -O3 -D_LARGEFILE64_SOURCE=1 -o ztest19527 ztest19527.c
Checking for vsnprintf() in stdio.h... Yes.

=== ztest19527.c ===
#include <stdio.h>
#include <stdarg.h>
int mytest(const char *fmt, ...)
{
  int n;
  char buf[20];
  va_list ap;
  va_start(ap, fmt);
  n = vsnprintf(buf, sizeof(buf), fmt, ap);
  va_end(ap);
  return n;
}
int main()
{
  return (mytest("Hello%d\n", 1));
}
===
gcc -c -O3 -D_LARGEFILE64_SOURCE=1 ztest19527.c
Checking for return value of vsnprintf()... Yes.

=== ztest19527.c ===
#define ZLIB_INTERNAL __attribute__((visibility ("hidden")))
int ZLIB_INTERNAL foo;
int main()
{
  return 0;
}
===
gcc -c -O3 -D_LARGEFILE64_SOURCE=1 ztest19527.c
Checking for attribute(visibility) support... Yes.

ALL = static shared all64
AR = ar
ARFLAGS = rc
CC = gcc
CFLAGS = -O3 -D_LARGEFILE64_SOURCE=1 -DHAVE_HIDDEN
CPP = gcc -E
EXE =
LDCONFIG = ldconfig
LDFLAGS =
LDSHARED = gcc -shared -Wl,-soname,libz.so.1,--version-script,zlib.map
LDSHAREDLIBC = -lc
OBJC = $(OBJZ) $(OBJG)
PIC_OBJC = $(PIC_OBJZ) $(PIC_OBJG)
RANLIB = ranlib
SFLAGS = -O3 -fPIC -D_LARGEFILE64_SOURCE=1 -DHAVE_HIDDEN
SHAREDLIB = libz.so
SHAREDLIBM = libz.so.1
SHAREDLIBV = libz.so.1.2.11
STATICLIB = libz.a
TEST = all teststatic testshared test64
VER = 1.2.11
Z_U4 =
SRCDIR =
exec_prefix = ${prefix}
includedir = ${prefix}/include
libdir = ${exec_prefix}/lib
mandir = ${prefix}/share/man
prefix = /usr/local
sharedlibdir = ${libdir}
uname = Linux
--------------------


--------------------
./configure
Fri May 22 12:56:33 PDT 2020
Checking for gcc...
=== ztest11649.c ===
extern int getchar();
int hello() {return getchar();}
===
gcc -c ztest11649.c
... using gcc

Checking for obsessive-compulsive compiler options...
=== ztest11649.c ===
int foo() { return 0; }
===
gcc -c -O3 ztest11649.c

Checking for shared library support...
=== ztest11649.c ===
extern int getchar();
int hello() {return getchar();}
===
gcc -w -c -O3 -fPIC ztest11649.c
gcc -shared -Wl,-soname,libz.so.1,--version-script,zlib.map -O3 -fPIC -o ztest11649.so ztest11649.o
Building shared library libz.so.1.2.11 with gcc.

=== ztest11649.c ===
#include <stdio.h>
#include <stdlib.h>
size_t dummy = 0;
===
gcc -c -O3 ztest11649.c
Checking for size_t... Yes.


=== ztest11649.c ===
#include <sys/types.h>
off64_t dummy = 0;
===
gcc -c -O3 -D_LARGEFILE64_SOURCE=1 ztest11649.c
Checking for off64_t... Yes.
Checking for fseeko... Yes.

=== ztest11649.c ===
#include <string.h>
#include <errno.h>
int main() { return strlen(strerror(errno)); }
===
gcc -O3 -D_LARGEFILE64_SOURCE=1 -o ztest11649 ztest11649.c
Checking for strerror... Yes.

=== ztest11649.c ===
#include <unistd.h>
int main() { return 0; }
===
gcc -c -O3 -D_LARGEFILE64_SOURCE=1 ztest11649.c
Checking for unistd.h... Yes.

=== ztest11649.c ===
#include <stdarg.h>
int main() { return 0; }
===
gcc -c -O3 -D_LARGEFILE64_SOURCE=1 ztest11649.c
Checking for stdarg.h... Yes.

=== ztest11649.c ===
#include <stdio.h>
#include <stdarg.h>
#include "zconf.h"
int main()
{
#ifndef STDC
  choke me
#endif
  return 0;
}
===
gcc -c -O3 -D_LARGEFILE64_SOURCE=1 ztest11649.c
Checking whether to use vs[n]printf() or s[n]printf()... using vs[n]printf().

=== ztest11649.c ===
#include <stdio.h>
#include <stdarg.h>
int mytest(const char *fmt, ...)
{
  char buf[20];
  va_list ap;
  va_start(ap, fmt);
  vsnprintf(buf, sizeof(buf), fmt, ap);
  va_end(ap);
  return 0;
}
int main()
{
  return (mytest("Hello%d\n", 1));
}
===
gcc -O3 -D_LARGEFILE64_SOURCE=1 -o ztest11649 ztest11649.c
Checking for vsnprintf() in stdio.h... Yes.

=== ztest11649.c ===
#include <stdio.h>
#include <stdarg.h>
int mytest(const char *fmt, ...)
{
  int n;
  char buf[20];
  va_list ap;
  va_start(ap, fmt);
  n = vsnprintf(buf, sizeof(buf), fmt, ap);
  va_end(ap);
  return n;
}
int main()
{
  return (mytest("Hello%d\n", 1));
}
===
gcc -c -O3 -D_LARGEFILE64_SOURCE=1 ztest11649.c
Checking for return value of vsnprintf()... Yes.

=== ztest11649.c ===
#define ZLIB_INTERNAL __attribute__((visibility ("hidden")))
int ZLIB_INTERNAL foo;
int main()
{
  return 0;
}
===
gcc -c -O3 -D_LARGEFILE64_SOURCE=1 ztest11649.c
Checking for attribute(visibility) support... Yes.

ALL = static shared all64
AR = ar
ARFLAGS = rc
CC = gcc
CFLAGS = -O3 -D_LARGEFILE64_SOURCE=1 -DHAVE_HIDDEN
CPP = gcc -E
EXE =
LDCONFIG = ldconfig
LDFLAGS =
LDSHARED = gcc -shared -Wl,-soname,libz.so.1,--version-script,zlib.map
LDSHAREDLIBC = -lc
OBJC = $(OBJZ) $(OBJG)
PIC_OBJC = $(PIC_OBJZ) $(PIC_OBJG)
RANLIB = ranlib
SFLAGS = -O3 -fPIC -D_LARGEFILE64_SOURCE=1 -DHAVE_HIDDEN
SHAREDLIB = libz.so
SHAREDLIBM = libz.so.1
SHAREDLIBV = libz.so.1.2.11
STATICLIB = libz.a
TEST = all teststatic testshared test64
VER = 1.2.11
Z_U4 =
SRCDIR =
exec_prefix = ${prefix}
includedir = ${prefix}/include
libdir = ${exec_prefix}/lib
mandir = ${prefix}/share/man
prefix = /usr/local
sharedlibdir = ${libdir}
uname = Linux
--------------------


--------------------
./configure
Fri May 22 12:59:03 PDT 2020
Checking for gcc...
=== ztest12122.c ===
extern int getchar();
int hello() {return getchar();}
===
gcc -c ztest12122.c
... using gcc

Checking for obsessive-compulsive compiler options...
=== ztest12122.c ===
int foo() { return 0; }
===
gcc -c -O3 ztest12122.c

Checking for shared library support...
=== ztest12122.c ===
extern int getchar();
int hello() {return getchar();}
===
gcc -w -c -O3 -fPIC ztest12122.c
gcc -shared -Wl,-soname,libz.so.1,--version-script,zlib.map -O3 -fPIC -o ztest12122.so ztest12122.o
Building shared library libz.so.1.2.11 with gcc.

=== ztest12122.c ===
#include <stdio.h>
#include <stdlib.h>
size_t dummy = 0;
===
gcc -c -O3 ztest12122.c
Checking for size_t... Yes.


=== ztest12122.c ===
#include <sys/types.h>
off64_t dummy = 0;
===
gcc -c -O3 -D_LARGEFILE64_SOURCE=1 ztest12122.c
Checking for off64_t... Yes.
Checking for fseeko... Yes.

=== ztest12122.c ===
#include <string.h>
#include <errno.h>
int main() { return strlen(strerror(errno)); }
===
gcc -O3 -D_LARGEFILE64_SOURCE=1 -o ztest12122 ztest12122.c
Checking for strerror... Yes.

=== ztest12122.c ===
#include <unistd.h>
int main() { return 0; }
===
gcc -c -O3 -D_LARGEFILE64_SOURCE=1 ztest12122.c
Checking for unistd.h... Yes.

=== ztest12122.c ===
#include <stdarg.h>
int main() { return 0; }
===
gcc -c -O3 -D_LARGEFILE64_SOURCE=1 ztest12122.c
Checking for stdarg.h... Yes.

=== ztest12122.c ===
#include <stdio.h>
#include <stdarg.h>
#include "zconf.h"
int main()
{
#ifndef STDC
  choke me
#endif
  return 0;
}
===
gcc -c -O3 -D_LARGEFILE64_SOURCE=1 ztest12122.c
Checking whether to use vs[n]printf() or s[n]printf()... using vs[n]printf().

=== ztest12122.c ===
#include <stdio.h>
#include <stdarg.h>
int mytest(const char *fmt, ...)
{
  char buf[20];
  va_list ap;
  va_start(ap, fmt);
  vsnprintf(buf, sizeof(buf), fmt, ap);
  va_end(ap);
  return 0;
}
int main()
{
  return (mytest("Hello%d\n", 1));
}
===
gcc -O3 -D_LARGEFILE64_SOURCE=1 -o ztest12122 ztest12122.c
Checking for vsnprintf() in stdio.h... Yes.

=== ztest12122.c ===
#include <stdio.h>
#include <stdarg.h>
int mytest(const char *fmt, ...)
{
  int n;
  char buf[20];
  va_list ap;
  va_start(ap, fmt);
  n = vsnprintf(buf, sizeof(buf), fmt, ap);
  va_end(ap);
  return n;
}
int main()
{
  return (mytest("Hello%d\n", 1));
}
===
gcc -c -O3 -D_LARGEFILE64_SOURCE=1 ztest12122.c
Checking for return value of vsnprintf()... Yes.

=== ztest12122.c ===
#define ZLIB_INTERNAL __attribute__((visibility ("hidden")))
int ZLIB_INTERNAL foo;
int main()
{
  return 0;
}
===
gcc -c -O3 -D_LARGEFILE64_SOURCE=1 ztest12122.c
Checking for attribute(visibility) support... Yes.

ALL = static shared all64
AR = ar
ARFLAGS = rc
CC = gcc
CFLAGS = -O3 -D_LARGEFILE64_SOURCE=1 -DHAVE_HIDDEN
CPP = gcc -E
EXE =
LDCONFIG = ldconfig
LDFLAGS =
LDSHARED = gcc -shared -Wl,-soname,libz.so.1,--version-script,zlib.map
LDSHAREDLIBC = -lc
OBJC = $(OBJZ) $(OBJG)
PIC_OBJC = $(PIC_OBJZ) $(PIC_OBJG)
RANLIB = ranlib
SFLAGS = -O3 -fPIC -D_LARGEFILE64_SOURCE=1 -DHAVE_HIDDEN
SHAREDLIB = libz.so
SHAREDLIBM = libz.so.1
SHAREDLIBV = libz.so.1.2.11
STATICLIB = libz.a
TEST = all teststatic testshared test64
VER = 1.2.11
Z_U4 =
SRCDIR =
exec_prefix = ${prefix}
includedir = ${prefix}/include
libdir = ${exec_prefix}/lib
mandir = ${prefix}/share/man
prefix = /usr/local
sharedlibdir = ${libdir}
uname = Linux
--------------------


--------------------
./configure
Sat May 23 15:26:52 PDT 2020
Checking for gcc...
=== ztest9004.c ===
extern int getchar();
int hello() {return getchar();}
===
gcc -c ztest9004.c
... using gcc

Checking for obsessive-compulsive compiler options...
=== ztest9004.c ===
int foo() { return 0; }
===
gcc -c -O3 ztest9004.c

Checking for shared library support...
=== ztest9004.c ===
extern int getchar();
int hello() {return getchar();}
===
gcc -w -c -O3 -fPIC ztest9004.c
gcc -shared -Wl,-soname,libz.so.1,--version-script,zlib.map -O3 -fPIC -o ztest9004.so ztest9004.o
Building shared library libz.so.1.2.11 with gcc.

=== ztest9004.c ===
#include <stdio.h>
#include <stdlib.h>
size_t dummy = 0;
===
gcc -c -O3 ztest9004.c
Checking for size_t... Yes.


=== ztest9004.c ===
#include <sys/types.h>
off64_t dummy = 0;
===
gcc -c -O3 -D_LARGEFILE64_SOURCE=1 ztest9004.c
Checking for off64_t... Yes.
Checking for fseeko... Yes.

=== ztest9004.c ===
#include <string.h>
#include <errno.h>
int main() { return strlen(strerror(errno)); }
===
gcc -O3 -D_LARGEFILE64_SOURCE=1 -o ztest9004 ztest9004.c
Checking for strerror... Yes.

=== ztest9004.c ===
#include <unistd.h>
int main() { return 0; }
===
gcc -c -O3 -D_LARGEFILE64_SOURCE=1 ztest9004.c
Checking for unistd.h... Yes.

=== ztest9004.c ===
#include <stdarg.h>
int main() { return 0; }
===
gcc -c -O3 -D_LARGEFILE64_SOURCE=1 ztest9004.c
Checking for stdarg.h... Yes.

=== ztest9004.c ===
#include <stdio.h>
#include <stdarg.h>
#include "zconf.h"
int main()
{
#ifndef STDC
  choke me
#endif
  return 0;
}
===
gcc -c -O3 -D_LARGEFILE64_SOURCE=1 ztest9004.c
Checking whether to use vs[n]printf() or s[n]printf()... using vs[n]printf().

=== ztest9004.c ===
#include <stdio.h>
#include <stdarg.h>
int mytest(const char *fmt, ...)
{
  char buf[20];
  va_list ap;
  va_start(ap, fmt);
  vsnprintf(buf, sizeof(buf), fmt, ap);
  va_end(ap);
  return 0;
}
int main()
{
  return (mytest("Hello%d\n", 1));
}
===
gcc -O3 -D_LARGEFILE64_SOURCE=1 -o ztest9004 ztest9004.c
Checking for vsnprintf() in stdio.h... Yes.

=== ztest9004.c ===
#include <stdio.h>
#include <stdarg.h>
int mytest(const char *fmt, ...)
{
  int n;
  char buf[20];
  va_list ap;
  va_start(ap, fmt);
  n = vsnprintf(buf, sizeof(buf), fmt, ap);
  va_end(ap);
  return n;
}
int main()
{
  return (mytest("Hello%d\n", 1));
}
===
gcc -c -O3 -D_LARGEFILE64_SOURCE=1 ztest9004.c
Checking for return value of vsnprintf()... Yes.

=== ztest9004.c ===
#define ZLIB_INTERNAL __attribute__((visibility ("hidden")))
int ZLIB_INTERNAL foo;
int main()
{
  return 0;
}
===
gcc -c -O3 -D_LARGEFILE64_SOURCE=1 ztest9004.c
Checking for attribute(visibility) support... Yes.

ALL = static shared all64
AR = ar
ARFLAGS = rc
CC = gcc
CFLAGS = -O3 -D_LARGEFILE64_SOURCE=1 -DHAVE_HIDDEN
CPP = gcc -E
EXE =
LDCONFIG = ldconfig
LDFLAGS =
LDSHARED = gcc -shared -Wl,-soname,libz.so.1,--version-script,zlib.map
LDSHAREDLIBC = -lc
OBJC = $(OBJZ) $(OBJG)
PIC_OBJC = $(PIC_OBJZ) $(PIC_OBJG)
RANLIB = ranlib
SFLAGS = -O3 -fPIC -D_LARGEFILE64_SOURCE=1 -DHAVE_HIDDEN
SHAREDLIB = libz.so
SHAREDLIBM = libz.so.1
SHAREDLIBV = libz.so.1.2.11
STATICLIB = libz.a
TEST = all teststatic testshared test64
VER = 1.2.11
Z_U4 =
SRCDIR =
exec_prefix = ${prefix}
includedir = ${prefix}/include
libdir = ${exec_prefix}/lib
mandir = ${prefix}/share/man
prefix = /usr/local
sharedlibdir = ${libdir}
uname = Linux
--------------------


--------------------
./configure
Sat May 23 16:44:32 PDT 2020
Checking for gcc...
=== ztest13032.c ===
extern int getchar();
int hello() {return getchar();}
===
gcc -c ztest13032.c
... using gcc

Checking for obsessive-compulsive compiler options...
=== ztest13032.c ===
int foo() { return 0; }
===
gcc -c -O3 ztest13032.c

Checking for shared library support...
=== ztest13032.c ===
extern int getchar();
int hello() {return getchar();}
===
gcc -w -c -O3 -fPIC ztest13032.c
gcc -shared -Wl,-soname,libz.so.1,--version-script,zlib.map -O3 -fPIC -o ztest13032.so ztest13032.o
Building shared library libz.so.1.2.11 with gcc.

=== ztest13032.c ===
#include <stdio.h>
#include <stdlib.h>
size_t dummy = 0;
===
gcc -c -O3 ztest13032.c
Checking for size_t... Yes.


=== ztest13032.c ===
#include <sys/types.h>
off64_t dummy = 0;
===
gcc -c -O3 -D_LARGEFILE64_SOURCE=1 ztest13032.c
Checking for off64_t... Yes.
Checking for fseeko... Yes.

=== ztest13032.c ===
#include <string.h>
#include <errno.h>
int main() { return strlen(strerror(errno)); }
===
gcc -O3 -D_LARGEFILE64_SOURCE=1 -o ztest13032 ztest13032.c
Checking for strerror... Yes.

=== ztest13032.c ===
#include <unistd.h>
int main() { return 0; }
===
gcc -c -O3 -D_LARGEFILE64_SOURCE=1 ztest13032.c
Checking for unistd.h... Yes.

=== ztest13032.c ===
#include <stdarg.h>
int main() { return 0; }
===
gcc -c -O3 -D_LARGEFILE64_SOURCE=1 ztest13032.c
Checking for stdarg.h... Yes.

=== ztest13032.c ===
#include <stdio.h>
#include <stdarg.h>
#include "zconf.h"
int main()
{
#ifndef STDC
  choke me
#endif
  return 0;
}
===
gcc -c -O3 -D_LARGEFILE64_SOURCE=1 ztest13032.c
Checking whether to use vs[n]printf() or s[n]printf()... using vs[n]printf().

=== ztest13032.c ===
#include <stdio.h>
#include <stdarg.h>
int mytest(const char *fmt, ...)
{
  char buf[20];
  va_list ap;
  va_start(ap, fmt);
  vsnprintf(buf, sizeof(buf), fmt, ap);
  va_end(ap);
  return 0;
}
int main()
{
  return (mytest("Hello%d\n", 1));
}
===
gcc -O3 -D_LARGEFILE64_SOURCE=1 -o ztest13032 ztest13032.c
Checking for vsnprintf() in stdio.h... Yes.

=== ztest13032.c ===
#include <stdio.h>
#include <stdarg.h>
int mytest(const char *fmt, ...)
{
  int n;
  char buf[20];
  va_list ap;
  va_start(ap, fmt);
  n = vsnprintf(buf, sizeof(buf), fmt, ap);
  va_end(ap);
  return n;
}
int main()
{
  return (mytest("Hello%d\n", 1));
}
===
gcc -c -O3 -D_LARGEFILE64_SOURCE=1 ztest13032.c
Checking for return value of vsnprintf()... Yes.

=== ztest13032.c ===
#define ZLIB_INTERNAL __attribute__((visibility ("hidden")))
int ZLIB_INTERNAL foo;
int main()
{
  return 0;
}
===
gcc -c -O3 -D_LARGEFILE64_SOURCE=1 ztest13032.c
Checking for attribute(visibility) support... Yes.

ALL = static shared all64
AR = ar
ARFLAGS = rc
CC = gcc
CFLAGS = -O3 -D_LARGEFILE64_SOURCE=1 -DHAVE_HIDDEN
CPP = gcc -E
EXE =
LDCONFIG = ldconfig
LDFLAGS =
LDSHARED = gcc -shared -Wl,-soname,libz.so.1,--version-script,zlib.map
LDSHAREDLIBC = -lc
OBJC = $(OBJZ) $(OBJG)
PIC_OBJC = $(PIC_OBJZ) $(PIC_OBJG)
RANLIB = ranlib
SFLAGS = -O3 -fPIC -D_LARGEFILE64_SOURCE=1 -DHAVE_HIDDEN
SHAREDLIB = libz.so
SHAREDLIBM = libz.so.1
SHAREDLIBV = libz.so.1.2.11
STATICLIB = libz.a
TEST = all teststatic testshared test64
VER = 1.2.11
Z_U4 =
SRCDIR =
exec_prefix = ${prefix}
includedir = ${prefix}/include
libdir = ${exec_prefix}/lib
mandir = ${prefix}/share/man
prefix = /usr/local
sharedlibdir = ${libdir}
uname = Linux
--------------------


--------------------
./configure
Sat May 23 16:51:28 PDT 2020
Checking for gcc...
=== ztest14302.c ===
extern int getchar();
int hello() {return getchar();}
===
gcc -c ztest14302.c
... using gcc

Checking for obsessive-compulsive compiler options...
=== ztest14302.c ===
int foo() { return 0; }
===
gcc -c -O3 ztest14302.c

Checking for shared library support...
=== ztest14302.c ===
extern int getchar();
int hello() {return getchar();}
===
gcc -w -c -O3 -fPIC ztest14302.c
gcc -shared -Wl,-soname,libz.so.1,--version-script,zlib.map -O3 -fPIC -o ztest14302.so ztest14302.o
Building shared library libz.so.1.2.11 with gcc.

=== ztest14302.c ===
#include <stdio.h>
#include <stdlib.h>
size_t dummy = 0;
===
gcc -c -O3 ztest14302.c
Checking for size_t... Yes.


=== ztest14302.c ===
#include <sys/types.h>
off64_t dummy = 0;
===
gcc -c -O3 -D_LARGEFILE64_SOURCE=1 ztest14302.c
Checking for off64_t... Yes.
Checking for fseeko... Yes.

=== ztest14302.c ===
#include <string.h>
#include <errno.h>
int main() { return strlen(strerror(errno)); }
===
gcc -O3 -D_LARGEFILE64_SOURCE=1 -o ztest14302 ztest14302.c
Checking for strerror... Yes.

=== ztest14302.c ===
#include <unistd.h>
int main() { return 0; }
===
gcc -c -O3 -D_LARGEFILE64_SOURCE=1 ztest14302.c
Checking for unistd.h... Yes.

=== ztest14302.c ===
#include <stdarg.h>
int main() { return 0; }
===
gcc -c -O3 -D_LARGEFILE64_SOURCE=1 ztest14302.c
Checking for stdarg.h... Yes.

=== ztest14302.c ===
#include <stdio.h>
#include <stdarg.h>
#include "zconf.h"
int main()
{
#ifndef STDC
  choke me
#endif
  return 0;
}
===
gcc -c -O3 -D_LARGEFILE64_SOURCE=1 ztest14302.c
Checking whether to use vs[n]printf() or s[n]printf()... using vs[n]printf().

=== ztest14302.c ===
#include <stdio.h>
#include <stdarg.h>
int mytest(const char *fmt, ...)
{
  char buf[20];
  va_list ap;
  va_start(ap, fmt);
  vsnprintf(buf, sizeof(buf), fmt, ap);
  va_end(ap);
  return 0;
}
int main()
{
  return (mytest("Hello%d\n", 1));
}
===
gcc -O3 -D_LARGEFILE64_SOURCE=1 -o ztest14302 ztest14302.c
Checking for vsnprintf() in stdio.h... Yes.

=== ztest14302.c ===
#include <stdio.h>
#include <stdarg.h>
int mytest(const char *fmt, ...)
{
  int n;
  char buf[20];
  va_list ap;
  va_start(ap, fmt);
  n = vsnprintf(buf, sizeof(buf), fmt, ap);
  va_end(ap);
  return n;
}
int main()
{
  return (mytest("Hello%d\n", 1));
}
===
gcc -c -O3 -D_LARGEFILE64_SOURCE=1 ztest14302.c
Checking for return value of vsnprintf()... Yes.

=== ztest14302.c ===
#define ZLIB_INTERNAL __attribute__((visibility ("hidden")))
int ZLIB_INTERNAL foo;
int main()
{
  return 0;
}
===
gcc -c -O3 -D_LARGEFILE64_SOURCE=1 ztest14302.c
Checking for attribute(visibility) support... Yes.

ALL = static shared all64
AR = ar
ARFLAGS = rc
CC = gcc
CFLAGS = -O3 -D_LARGEFILE64_SOURCE=1 -DHAVE_HIDDEN
CPP = gcc -E
EXE =
LDCONFIG = ldconfig
LDFLAGS =
LDSHARED = gcc -shared -Wl,-soname,libz.so.1,--version-script,zlib.map
LDSHAREDLIBC = -lc
OBJC = $(OBJZ) $(OBJG)
PIC_OBJC = $(PIC_OBJZ) $(PIC_OBJG)
RANLIB = ranlib
SFLAGS = -O3 -fPIC -D_LARGEFILE64_SOURCE=1 -DHAVE_HIDDEN
SHAREDLIB = libz.so
SHAREDLIBM = libz.so.1
SHAREDLIBV = libz.so.1.2.11
STATICLIB = libz.a
TEST = all teststatic testshared test64
VER = 1.2.11
Z_U4 =
SRCDIR =
exec_prefix = ${prefix}
includedir = ${prefix}/include
libdir = ${exec_prefix}/lib
mandir = ${prefix}/share/man
prefix = /usr/local
sharedlibdir = ${libdir}
uname = Linux
--------------------


